/home/rugrats/Documents/github/WIP8/src/main.cpp:127:int main() Allocated a GLBackend (704 bytes) at 0x1275910
    getBacktrace()
    __track_new(void*, char const*, unsigned long, char const*, unsigned int, char const*)
    main
    __libc_start_main

/home/rugrats/Documents/github/WIP8/src/renderer.cpp:16:Renderer::Renderer(Backend*) Allocated a ResourceManager (64 bytes) at 0x127c790
    getBacktrace()
    __track_new(void*, char const*, unsigned long, char const*, unsigned int, char const*)
    Renderer::Renderer(Backend*)
    main
    __libc_start_main

/home/rugrats/Documents/github/WIP8/src/resourcemanager.cpp:151:std::string readFile(std::string) Allocated 128 bytes at 0x24edba0
    getBacktrace()
    __track_allocate(void*, unsigned long, char const*, unsigned int, char const*)
    readFile(std::string)
    ResourceManager::_load(std::string)
    ResourceManager::load(std::string)
    Renderer::createSkybox()
    Renderer::Renderer(Backend*)
    main
    __libc_start_main

/home/rugrats/Documents/github/WIP8/src/resourcemanager.cpp:160:std::string readFile(std::string) Deallocated 0x24edba0
    getBacktrace()
    __track_deallocate(void*, char const*, unsigned int, char const*)
    readFile(std::string)
    ResourceManager::_load(std::string)
    ResourceManager::load(std::string)
    Renderer::createSkybox()
    Renderer::Renderer(Backend*)
    main
    __libc_start_main

/home/rugrats/Documents/github/WIP8/src/resourcemanager.cpp:151:std::string readFile(std::string) Allocated 460 bytes at 0x24edfb0
    getBacktrace()
    __track_allocate(void*, unsigned long, char const*, unsigned int, char const*)
    readFile(std::string)
    ResourceManager::loadShader(Json::Value const&, std::unordered_map<std::string, ResPtr<Resource>, std::hash<std::string>, std::equal_to<std::string>, std::allocator<std::pair<std::string const, ResPtr<Resource> > > > const&)
    ResourceManager::_load(std::string)
    ResourceManager::load(std::string)
    Renderer::createSkybox()
    Renderer::Renderer(Backend*)
    main
    __libc_start_main

/home/rugrats/Documents/github/WIP8/src/resourcemanager.cpp:160:std::string readFile(std::string) Deallocated 0x24edfb0
    getBacktrace()
    __track_deallocate(void*, char const*, unsigned int, char const*)
    readFile(std::string)
    ResourceManager::loadShader(Json::Value const&, std::unordered_map<std::string, ResPtr<Resource>, std::hash<std::string>, std::equal_to<std::string>, std::allocator<std::pair<std::string const, ResPtr<Resource> > > > const&)
    ResourceManager::_load(std::string)
    ResourceManager::load(std::string)
    Renderer::createSkybox()
    Renderer::Renderer(Backend*)
    main
    __libc_start_main

/home/rugrats/Documents/github/WIP8/src/resourcemanager.cpp:467:Shader* ResourceManager::loadShader(const Json::Value&, const std::unordered_map<std::basic_string<char>, ResPtr<Resource> >&) Allocated a Shader (96 bytes) at 0x1275c00
    getBacktrace()
    __track_new(void*, char const*, unsigned long, char const*, unsigned int, char const*)
    ResourceManager::loadShader(Json::Value const&, std::unordered_map<std::string, ResPtr<Resource>, std::hash<std::string>, std::equal_to<std::string>, std::allocator<std::pair<std::string const, ResPtr<Resource> > > > const&)
    ResourceManager::_load(std::string)
    ResourceManager::load(std::string)
    Renderer::createSkybox()
    Renderer::Renderer(Backend*)
    main
    __libc_start_main

/home/rugrats/Documents/github/WIP8/src/renderer.cpp:246:void Renderer::createSkybox() Allocated a Mesh (136 bytes) at 0x24ee2c0
    getBacktrace()
    __track_new(void*, char const*, unsigned long, char const*, unsigned int, char const*)
    Renderer::createSkybox()
    Renderer::Renderer(Backend*)
    main
    __libc_start_main

/home/rugrats/Documents/github/WIP8/src/mesh.cpp:48:MeshComponent* Mesh::addPositions(Renderer*, const MeshComponent&) Allocated a MeshComponent (32 bytes) at 0xf9bcb0
    getBacktrace()
    __track_new(void*, char const*, unsigned long, char const*, unsigned int, char const*)
    Mesh::addPositions(Renderer*, MeshComponent const&)
    Renderer::createSkybox()
    Renderer::Renderer(Backend*)
    main
    __libc_start_main

/home/rugrats/Documents/github/WIP8/src/GL/glbackend.cpp:108:virtual VertexBuffer* GLBackend::createVertexBuffer() Allocated a GLPersistentVertexBuffer (24 bytes) at 0x24ed6e0
    getBacktrace()
    __track_new(void*, char const*, unsigned long, char const*, unsigned int, char const*)
    GLBackend::createVertexBuffer()
    Renderer::createVertexBuffer()
    Mesh::addPositions(Renderer*, MeshComponent const&)
    Renderer::createSkybox()
    Renderer::Renderer(Backend*)
    main
    __libc_start_main

/home/rugrats/Documents/github/WIP8/src/resourcemanager.cpp:151:std::string readFile(std::string) Allocated 130 bytes at 0x24ee680
    getBacktrace()
    __track_allocate(void*, unsigned long, char const*, unsigned int, char const*)
    readFile(std::string)
    ResourceManager::_load(std::string)
    ResourceManager::load(std::string)
    Renderer::createSkybox()
    Renderer::Renderer(Backend*)
    main
    __libc_start_main

/home/rugrats/Documents/github/WIP8/src/resourcemanager.cpp:160:std::string readFile(std::string) Deallocated 0x24ee680
    getBacktrace()
    __track_deallocate(void*, char const*, unsigned int, char const*)
    readFile(std::string)
    ResourceManager::_load(std::string)
    ResourceManager::load(std::string)
    Renderer::createSkybox()
    Renderer::Renderer(Backend*)
    main
    __libc_start_main

/home/rugrats/Documents/github/WIP8/src/resourcemanager.cpp:151:std::string readFile(std::string) Allocated 1008 bytes at 0x24ee680
    getBacktrace()
    __track_allocate(void*, unsigned long, char const*, unsigned int, char const*)
    readFile(std::string)
    ResourceManager::loadShader(Json::Value const&, std::unordered_map<std::string, ResPtr<Resource>, std::hash<std::string>, std::equal_to<std::string>, std::allocator<std::pair<std::string const, ResPtr<Resource> > > > const&)
    ResourceManager::_load(std::string)
    ResourceManager::load(std::string)
    Renderer::createSkybox()
    Renderer::Renderer(Backend*)
    main
    __libc_start_main

/home/rugrats/Documents/github/WIP8/src/resourcemanager.cpp:160:std::string readFile(std::string) Deallocated 0x24ee680
    getBacktrace()
    __track_deallocate(void*, char const*, unsigned int, char const*)
    readFile(std::string)
    ResourceManager::loadShader(Json::Value const&, std::unordered_map<std::string, ResPtr<Resource>, std::hash<std::string>, std::equal_to<std::string>, std::allocator<std::pair<std::string const, ResPtr<Resource> > > > const&)
    ResourceManager::_load(std::string)
    ResourceManager::load(std::string)
    Renderer::createSkybox()
    Renderer::Renderer(Backend*)
    main
    __libc_start_main

/home/rugrats/Documents/github/WIP8/src/resourcemanager.cpp:470:Shader* ResourceManager::loadShader(const Json::Value&, const std::unordered_map<std::basic_string<char>, ResPtr<Resource> >&) Allocated a Shader (96 bytes) at 0x24ed670
    getBacktrace()
    __track_new(void*, char const*, unsigned long, char const*, unsigned int, char const*)
    ResourceManager::loadShader(Json::Value const&, std::unordered_map<std::string, ResPtr<Resource>, std::hash<std::string>, std::equal_to<std::string>, std::allocator<std::pair<std::string const, ResPtr<Resource> > > > const&)
    ResourceManager::_load(std::string)
    ResourceManager::load(std::string)
    Renderer::createSkybox()
    Renderer::Renderer(Backend*)
    main
    __libc_start_main

/home/rugrats/Documents/github/WIP8/src/renderer.cpp:296:void Renderer::createSkybox() Allocated a Material (160 bytes) at 0x24ed5c0
    getBacktrace()
    __track_new(void*, char const*, unsigned long, char const*, unsigned int, char const*)
    Renderer::createSkybox()
    Renderer::Renderer(Backend*)
    main
    __libc_start_main

/home/rugrats/Documents/github/WIP8/src/main.cpp:127:int main() Allocated a Renderer (40 bytes) at 0x10640d0
    getBacktrace()
    __track_new(void*, char const*, unsigned long, char const*, unsigned int, char const*)
    main
    __libc_start_main

/home/rugrats/Documents/github/WIP8/src/main.cpp:129:int main() Allocated a Scene (256 bytes) at 0x24ed750
    getBacktrace()
    __track_new(void*, char const*, unsigned long, char const*, unsigned int, char const*)
    main
    __libc_start_main

/home/rugrats/Documents/github/WIP8/src/main.cpp:130:int main() Allocated a Scene (256 bytes) at 0x24edf60
    getBacktrace()
    __track_new(void*, char const*, unsigned long, char const*, unsigned int, char const*)
    main
    __libc_start_main

/home/rugrats/Documents/github/WIP8/src/main.cpp:132:int main() Allocated a RenderTarget (32 bytes) at 0xea0cb0
    getBacktrace()
    __track_new(void*, char const*, unsigned long, char const*, unsigned int, char const*)
    main
    __libc_start_main

/home/rugrats/Documents/github/WIP8/src/main.cpp:134:int main() Allocated a RenderTarget (32 bytes) at 0xf37ca0
    getBacktrace()
    __track_new(void*, char const*, unsigned long, char const*, unsigned int, char const*)
    main
    __libc_start_main

/home/rugrats/Documents/github/WIP8/src/GL/glbackend.cpp:129:virtual Framebuffer* GLBackend::createFramebuffer() Allocated a GLFramebuffer (80 bytes) at 0x24eda00
    getBacktrace()
    __track_new(void*, char const*, unsigned long, char const*, unsigned int, char const*)
    GLBackend::createFramebuffer()
    Renderer::createFramebuffer()
    RenderTarget::addFramebuffer()
    main
    __libc_start_main

/home/rugrats/Documents/github/WIP8/src/GL/glbackend.cpp:124:virtual Texture* GLBackend::createTexture(Texture::Type) Allocated a GLTexture (64 bytes) at 0x24edc80
    getBacktrace()
    __track_new(void*, char const*, unsigned long, char const*, unsigned int, char const*)
    GLBackend::createTexture(Texture::Type)
    GLFramebuffer::addColor(Texture::InternalFormat, glm::detail::tvec2<float> const&)
    main
    __libc_start_main

/home/rugrats/Documents/github/WIP8/src/GL/glbackend.cpp:124:virtual Texture* GLBackend::createTexture(Texture::Type) Allocated a GLTexture (64 bytes) at 0x24ed700
    getBacktrace()
    __track_new(void*, char const*, unsigned long, char const*, unsigned int, char const*)
    GLBackend::createTexture(Texture::Type)
    GLFramebuffer::addColor(Texture::InternalFormat, glm::detail::tvec2<float> const&)
    main
    __libc_start_main

/home/rugrats/Documents/github/WIP8/src/GL/glbackend.cpp:124:virtual Texture* GLBackend::createTexture(Texture::Type) Allocated a GLTexture (64 bytes) at 0x24edcd0
    getBacktrace()
    __track_new(void*, char const*, unsigned long, char const*, unsigned int, char const*)
    GLBackend::createTexture(Texture::Type)
    GLFramebuffer::addColor(Texture::InternalFormat, glm::detail::tvec2<float> const&)
    main
    __libc_start_main

/home/rugrats/Documents/github/WIP8/src/GL/glbackend.cpp:124:virtual Texture* GLBackend::createTexture(Texture::Type) Allocated a GLTexture (64 bytes) at 0x24edd20
    getBacktrace()
    __track_new(void*, char const*, unsigned long, char const*, unsigned int, char const*)
    GLBackend::createTexture(Texture::Type)
    GLFramebuffer::addColor(Texture::InternalFormat, glm::detail::tvec2<float> const&)
    main
    __libc_start_main

/home/rugrats/Documents/github/WIP8/src/GL/glbackend.cpp:124:virtual Texture* GLBackend::createTexture(Texture::Type) Allocated a GLTexture (64 bytes) at 0x24ed860
    getBacktrace()
    __track_new(void*, char const*, unsigned long, char const*, unsigned int, char const*)
    GLBackend::createTexture(Texture::Type)
    GLFramebuffer::addColor(Texture::InternalFormat, glm::detail::tvec2<float> const&)
    main
    __libc_start_main

/home/rugrats/Documents/github/WIP8/src/GL/glbackend.cpp:124:virtual Texture* GLBackend::createTexture(Texture::Type) Allocated a GLTexture (64 bytes) at 0x1273180
    getBacktrace()
    __track_new(void*, char const*, unsigned long, char const*, unsigned int, char const*)
    GLBackend::createTexture(Texture::Type)
    GLFramebuffer::addColor(Texture::InternalFormat, glm::detail::tvec2<float> const&)
    main
    __libc_start_main

/home/rugrats/Documents/github/WIP8/src/resourcemanager.cpp:151:std::string readFile(std::string) Allocated 761 bytes at 0x1293190
    getBacktrace()
    __track_allocate(void*, unsigned long, char const*, unsigned int, char const*)
    readFile(std::string)
    ResourceManager::_load(std::string)
    ResourceManager::load(std::string)
    main
    __libc_start_main

/home/rugrats/Documents/github/WIP8/src/resourcemanager.cpp:160:std::string readFile(std::string) Deallocated 0x1293190
    getBacktrace()
    __track_deallocate(void*, char const*, unsigned int, char const*)
    readFile(std::string)
    ResourceManager::_load(std::string)
    ResourceManager::load(std::string)
    main
    __libc_start_main

/home/rugrats/Documents/github/WIP8/src/resourcemanager.cpp:151:std::string readFile(std::string) Allocated 324 bytes at 0x1294370
    getBacktrace()
    __track_allocate(void*, unsigned long, char const*, unsigned int, char const*)
    readFile(std::string)
    ResourceManager::_load(std::string)
    ResourceManager::load(std::string)
    ResourceManager::_load(std::string)
    ResourceManager::load(std::string)
    main
    __libc_start_main

/home/rugrats/Documents/github/WIP8/src/resourcemanager.cpp:160:std::string readFile(std::string) Deallocated 0x1294370
    getBacktrace()
    __track_deallocate(void*, char const*, unsigned int, char const*)
    readFile(std::string)
    ResourceManager::_load(std::string)
    ResourceManager::load(std::string)
    ResourceManager::_load(std::string)
    ResourceManager::load(std::string)
    main
    __libc_start_main

/home/rugrats/Documents/github/WIP8/src/resourcemanager.cpp:151:std::string readFile(std::string) Allocated 128 bytes at 0x1294f90
    getBacktrace()
    __track_allocate(void*, unsigned long, char const*, unsigned int, char const*)
    readFile(std::string)
    ResourceManager::_load(std::string)
    ResourceManager::load(std::string)
    ResourceManager::_load(std::string)
    ResourceManager::load(std::string)
    ResourceManager::_load(std::string)
    ResourceManager::load(std::string)
    main
    __libc_start_main

/home/rugrats/Documents/github/WIP8/src/resourcemanager.cpp:160:std::string readFile(std::string) Deallocated 0x1294f90
    getBacktrace()
    __track_deallocate(void*, char const*, unsigned int, char const*)
    readFile(std::string)
    ResourceManager::_load(std::string)
    ResourceManager::load(std::string)
    ResourceManager::_load(std::string)
    ResourceManager::load(std::string)
    ResourceManager::_load(std::string)
    ResourceManager::load(std::string)
    main
    __libc_start_main

/home/rugrats/Documents/github/WIP8/src/resourcemanager.cpp:151:std::string readFile(std::string) Allocated 990 bytes at 0x1295370
    getBacktrace()
    __track_allocate(void*, unsigned long, char const*, unsigned int, char const*)
    readFile(std::string)
    ResourceManager::loadShader(Json::Value const&, std::unordered_map<std::string, ResPtr<Resource>, std::hash<std::string>, std::equal_to<std::string>, std::allocator<std::pair<std::string const, ResPtr<Resource> > > > const&)
    ResourceManager::_load(std::string)
    ResourceManager::load(std::string)
    ResourceManager::_load(std::string)
    ResourceManager::load(std::string)
    ResourceManager::_load(std::string)
    ResourceManager::load(std::string)
    main
    __libc_start_main

/home/rugrats/Documents/github/WIP8/src/resourcemanager.cpp:160:std::string readFile(std::string) Deallocated 0x1295370
    getBacktrace()
    __track_deallocate(void*, char const*, unsigned int, char const*)
    readFile(std::string)
    ResourceManager::loadShader(Json::Value const&, std::unordered_map<std::string, ResPtr<Resource>, std::hash<std::string>, std::equal_to<std::string>, std::allocator<std::pair<std::string const, ResPtr<Resource> > > > const&)
    ResourceManager::_load(std::string)
    ResourceManager::load(std::string)
    ResourceManager::_load(std::string)
    ResourceManager::load(std::string)
    ResourceManager::_load(std::string)
    ResourceManager::load(std::string)
    main
    __libc_start_main

/home/rugrats/Documents/github/WIP8/src/resourcemanager.cpp:467:Shader* ResourceManager::loadShader(const Json::Value&, const std::unordered_map<std::basic_string<char>, ResPtr<Resource> >&) Allocated a Shader (96 bytes) at 0x1296dc0
    getBacktrace()
    __track_new(void*, char const*, unsigned long, char const*, unsigned int, char const*)
    ResourceManager::loadShader(Json::Value const&, std::unordered_map<std::string, ResPtr<Resource>, std::hash<std::string>, std::equal_to<std::string>, std::allocator<std::pair<std::string const, ResPtr<Resource> > > > const&)
    ResourceManager::_load(std::string)
    ResourceManager::load(std::string)
    ResourceManager::_load(std::string)
    ResourceManager::load(std::string)
    ResourceManager::_load(std::string)
    ResourceManager::load(std::string)
    main
    __libc_start_main

/home/rugrats/Documents/github/WIP8/src/awm.cpp:39:Mesh* loadAWM(Renderer*, ResPtr<Shader>, const char*) Allocated a Mesh (136 bytes) at 0x12955c0
    getBacktrace()
    __track_new(void*, char const*, unsigned long, char const*, unsigned int, char const*)
    loadAWM(Renderer*, ResPtr<Shader>, char const*)
    ResourceManager::loadMesh(Json::Value const&, std::unordered_map<std::string, ResPtr<Resource>, std::hash<std::string>, std::equal_to<std::string>, std::allocator<std::pair<std::string const, ResPtr<Resource> > > > const&)
    ResourceManager::_load(std::string)
    ResourceManager::load(std::string)
    ResourceManager::_load(std::string)
    ResourceManager::load(std::string)
    main
    __libc_start_main

/home/rugrats/Documents/github/WIP8/src/mesh.cpp:48:MeshComponent* Mesh::addPositions(Renderer*, const MeshComponent&) Allocated a MeshComponent (32 bytes) at 0x1295650
    getBacktrace()
    __track_new(void*, char const*, unsigned long, char const*, unsigned int, char const*)
    Mesh::addPositions(Renderer*, MeshComponent const&)
    loadAWM(Renderer*, ResPtr<Shader>, char const*)
    ResourceManager::loadMesh(Json::Value const&, std::unordered_map<std::string, ResPtr<Resource>, std::hash<std::string>, std::equal_to<std::string>, std::allocator<std::pair<std::string const, ResPtr<Resource> > > > const&)
    ResourceManager::_load(std::string)
    ResourceManager::load(std::string)
    ResourceManager::_load(std::string)
    ResourceManager::load(std::string)
    main
    __libc_start_main

/home/rugrats/Documents/github/WIP8/src/GL/glbackend.cpp:108:virtual VertexBuffer* GLBackend::createVertexBuffer() Allocated a GLPersistentVertexBuffer (24 bytes) at 0xee5580
    getBacktrace()
    __track_new(void*, char const*, unsigned long, char const*, unsigned int, char const*)
    GLBackend::createVertexBuffer()
    Renderer::createVertexBuffer()
    Mesh::addPositions(Renderer*, MeshComponent const&)
    loadAWM(Renderer*, ResPtr<Shader>, char const*)
    ResourceManager::loadMesh(Json::Value const&, std::unordered_map<std::string, ResPtr<Resource>, std::hash<std::string>, std::equal_to<std::string>, std::allocator<std::pair<std::string const, ResPtr<Resource> > > > const&)
    ResourceManager::_load(std::string)
    ResourceManager::load(std::string)
    ResourceManager::_load(std::string)
    ResourceManager::load(std::string)
    main
    __libc_start_main

/home/rugrats/Documents/github/WIP8/src/mesh.cpp:65:MeshComponent* Mesh::addNormals(Renderer*, const MeshComponent&) Allocated a MeshComponent (32 bytes) at 0xee6c00
    getBacktrace()
    __track_new(void*, char const*, unsigned long, char const*, unsigned int, char const*)
    Mesh::addNormals(Renderer*, MeshComponent const&)
    loadAWM(Renderer*, ResPtr<Shader>, char const*)
    ResourceManager::loadMesh(Json::Value const&, std::unordered_map<std::string, ResPtr<Resource>, std::hash<std::string>, std::equal_to<std::string>, std::allocator<std::pair<std::string const, ResPtr<Resource> > > > const&)
    ResourceManager::_load(std::string)
    ResourceManager::load(std::string)
    ResourceManager::_load(std::string)
    ResourceManager::load(std::string)
    main
    __libc_start_main

/home/rugrats/Documents/github/WIP8/src/GL/glbackend.cpp:108:virtual VertexBuffer* GLBackend::createVertexBuffer() Allocated a GLPersistentVertexBuffer (24 bytes) at 0xee55a0
    getBacktrace()
    __track_new(void*, char const*, unsigned long, char const*, unsigned int, char const*)
    GLBackend::createVertexBuffer()
    Renderer::createVertexBuffer()
    Mesh::addNormals(Renderer*, MeshComponent const&)
    loadAWM(Renderer*, ResPtr<Shader>, char const*)
    ResourceManager::loadMesh(Json::Value const&, std::unordered_map<std::string, ResPtr<Resource>, std::hash<std::string>, std::equal_to<std::string>, std::allocator<std::pair<std::string const, ResPtr<Resource> > > > const&)
    ResourceManager::_load(std::string)
    ResourceManager::load(std::string)
    ResourceManager::_load(std::string)
    ResourceManager::load(std::string)
    main
    __libc_start_main

/home/rugrats/Documents/github/WIP8/src/mesh.cpp:82:MeshComponent* Mesh::addUVs(Renderer*, const MeshComponent&) Allocated a MeshComponent (32 bytes) at 0xee71a0
    getBacktrace()
    __track_new(void*, char const*, unsigned long, char const*, unsigned int, char const*)
    Mesh::addUVs(Renderer*, MeshComponent const&)
    loadAWM(Renderer*, ResPtr<Shader>, char const*)
    ResourceManager::loadMesh(Json::Value const&, std::unordered_map<std::string, ResPtr<Resource>, std::hash<std::string>, std::equal_to<std::string>, std::allocator<std::pair<std::string const, ResPtr<Resource> > > > const&)
    ResourceManager::_load(std::string)
    ResourceManager::load(std::string)
    ResourceManager::_load(std::string)
    ResourceManager::load(std::string)
    main
    __libc_start_main

/home/rugrats/Documents/github/WIP8/src/GL/glbackend.cpp:108:virtual VertexBuffer* GLBackend::createVertexBuffer() Allocated a GLPersistentVertexBuffer (24 bytes) at 0x1294420
    getBacktrace()
    __track_new(void*, char const*, unsigned long, char const*, unsigned int, char const*)
    GLBackend::createVertexBuffer()
    Renderer::createVertexBuffer()
    Mesh::addUVs(Renderer*, MeshComponent const&)
    loadAWM(Renderer*, ResPtr<Shader>, char const*)
    ResourceManager::loadMesh(Json::Value const&, std::unordered_map<std::string, ResPtr<Resource>, std::hash<std::string>, std::equal_to<std::string>, std::allocator<std::pair<std::string const, ResPtr<Resource> > > > const&)
    ResourceManager::_load(std::string)
    ResourceManager::load(std::string)
    ResourceManager::_load(std::string)
    ResourceManager::load(std::string)
    main
    __libc_start_main

/home/rugrats/Documents/github/WIP8/src/mesh.cpp:99:MeshComponent* Mesh::addColors(Renderer*, const MeshComponent&) Allocated a MeshComponent (32 bytes) at 0xecd680
    getBacktrace()
    __track_new(void*, char const*, unsigned long, char const*, unsigned int, char const*)
    Mesh::addColors(Renderer*, MeshComponent const&)
    loadAWM(Renderer*, ResPtr<Shader>, char const*)
    ResourceManager::loadMesh(Json::Value const&, std::unordered_map<std::string, ResPtr<Resource>, std::hash<std::string>, std::equal_to<std::string>, std::allocator<std::pair<std::string const, ResPtr<Resource> > > > const&)
    ResourceManager::_load(std::string)
    ResourceManager::load(std::string)
    ResourceManager::_load(std::string)
    ResourceManager::load(std::string)
    main
    __libc_start_main

/home/rugrats/Documents/github/WIP8/src/GL/glbackend.cpp:108:virtual VertexBuffer* GLBackend::createVertexBuffer() Allocated a GLPersistentVertexBuffer (24 bytes) at 0xee5460
    getBacktrace()
    __track_new(void*, char const*, unsigned long, char const*, unsigned int, char const*)
    GLBackend::createVertexBuffer()
    Renderer::createVertexBuffer()
    Mesh::addColors(Renderer*, MeshComponent const&)
    loadAWM(Renderer*, ResPtr<Shader>, char const*)
    ResourceManager::loadMesh(Json::Value const&, std::unordered_map<std::string, ResPtr<Resource>, std::hash<std::string>, std::equal_to<std::string>, std::allocator<std::pair<std::string const, ResPtr<Resource> > > > const&)
    ResourceManager::_load(std::string)
    ResourceManager::load(std::string)
    ResourceManager::_load(std::string)
    ResourceManager::load(std::string)
    main
    __libc_start_main

/home/rugrats/Documents/github/WIP8/src/mesh.cpp:116:MeshComponent* Mesh::addTangents(Renderer*, const MeshComponent&) Allocated a MeshComponent (32 bytes) at 0xee7bc0
    getBacktrace()
    __track_new(void*, char const*, unsigned long, char const*, unsigned int, char const*)
    Mesh::addTangents(Renderer*, MeshComponent const&)
    loadAWM(Renderer*, ResPtr<Shader>, char const*)
    ResourceManager::loadMesh(Json::Value const&, std::unordered_map<std::string, ResPtr<Resource>, std::hash<std::string>, std::equal_to<std::string>, std::allocator<std::pair<std::string const, ResPtr<Resource> > > > const&)
    ResourceManager::_load(std::string)
    ResourceManager::load(std::string)
    ResourceManager::_load(std::string)
    ResourceManager::load(std::string)
    main
    __libc_start_main

/home/rugrats/Documents/github/WIP8/src/GL/glbackend.cpp:108:virtual VertexBuffer* GLBackend::createVertexBuffer() Allocated a GLPersistentVertexBuffer (24 bytes) at 0xee5a00
    getBacktrace()
    __track_new(void*, char const*, unsigned long, char const*, unsigned int, char const*)
    GLBackend::createVertexBuffer()
    Renderer::createVertexBuffer()
    Mesh::addTangents(Renderer*, MeshComponent const&)
    loadAWM(Renderer*, ResPtr<Shader>, char const*)
    ResourceManager::loadMesh(Json::Value const&, std::unordered_map<std::string, ResPtr<Resource>, std::hash<std::string>, std::equal_to<std::string>, std::allocator<std::pair<std::string const, ResPtr<Resource> > > > const&)
    ResourceManager::_load(std::string)
    ResourceManager::load(std::string)
    ResourceManager::_load(std::string)
    ResourceManager::load(std::string)
    main
    __libc_start_main

/home/rugrats/Documents/github/WIP8/src/mesh.cpp:133:MeshComponent* Mesh::addIndices(Renderer*, const MeshComponent&) Allocated a MeshComponent (32 bytes) at 0xee8160
    getBacktrace()
    __track_new(void*, char const*, unsigned long, char const*, unsigned int, char const*)
    Mesh::addIndices(Renderer*, MeshComponent const&)
    loadAWM(Renderer*, ResPtr<Shader>, char const*)
    ResourceManager::loadMesh(Json::Value const&, std::unordered_map<std::string, ResPtr<Resource>, std::hash<std::string>, std::equal_to<std::string>, std::allocator<std::pair<std::string const, ResPtr<Resource> > > > const&)
    ResourceManager::_load(std::string)
    ResourceManager::load(std::string)
    ResourceManager::_load(std::string)
    ResourceManager::load(std::string)
    main
    __libc_start_main

/home/rugrats/Documents/github/WIP8/src/GL/glbackend.cpp:108:virtual VertexBuffer* GLBackend::createVertexBuffer() Allocated a GLPersistentVertexBuffer (24 bytes) at 0xee5a20
    getBacktrace()
    __track_new(void*, char const*, unsigned long, char const*, unsigned int, char const*)
    GLBackend::createVertexBuffer()
    Renderer::createVertexBuffer()
    Mesh::addIndices(Renderer*, MeshComponent const&)
    loadAWM(Renderer*, ResPtr<Shader>, char const*)
    ResourceManager::loadMesh(Json::Value const&, std::unordered_map<std::string, ResPtr<Resource>, std::hash<std::string>, std::equal_to<std::string>, std::allocator<std::pair<std::string const, ResPtr<Resource> > > > const&)
    ResourceManager::_load(std::string)
    ResourceManager::load(std::string)
    ResourceManager::_load(std::string)
    ResourceManager::load(std::string)
    main
    __libc_start_main

/home/rugrats/Documents/github/WIP8/src/resourcemanager.cpp:151:std::string readFile(std::string) Allocated 324 bytes at 0x1294130
    getBacktrace()
    __track_allocate(void*, unsigned long, char const*, unsigned int, char const*)
    readFile(std::string)
    ResourceManager::_load(std::string)
    ResourceManager::load(std::string)
    ResourceManager::_load(std::string)
    ResourceManager::load(std::string)
    main
    __libc_start_main

/home/rugrats/Documents/github/WIP8/src/resourcemanager.cpp:160:std::string readFile(std::string) Deallocated 0x1294130
    getBacktrace()
    __track_deallocate(void*, char const*, unsigned int, char const*)
    readFile(std::string)
    ResourceManager::_load(std::string)
    ResourceManager::load(std::string)
    ResourceManager::_load(std::string)
    ResourceManager::load(std::string)
    main
    __libc_start_main

/home/rugrats/Documents/github/WIP8/src/awm.cpp:39:Mesh* loadAWM(Renderer*, ResPtr<Shader>, const char*) Allocated a Mesh (136 bytes) at 0x12a9280
    getBacktrace()
    __track_new(void*, char const*, unsigned long, char const*, unsigned int, char const*)
    loadAWM(Renderer*, ResPtr<Shader>, char const*)
    ResourceManager::loadMesh(Json::Value const&, std::unordered_map<std::string, ResPtr<Resource>, std::hash<std::string>, std::equal_to<std::string>, std::allocator<std::pair<std::string const, ResPtr<Resource> > > > const&)
    ResourceManager::_load(std::string)
    ResourceManager::load(std::string)
    ResourceManager::_load(std::string)
    ResourceManager::load(std::string)
    main
    __libc_start_main

/home/rugrats/Documents/github/WIP8/src/mesh.cpp:48:MeshComponent* Mesh::addPositions(Renderer*, const MeshComponent&) Allocated a MeshComponent (32 bytes) at 0x12a9310
    getBacktrace()
    __track_new(void*, char const*, unsigned long, char const*, unsigned int, char const*)
    Mesh::addPositions(Renderer*, MeshComponent const&)
    loadAWM(Renderer*, ResPtr<Shader>, char const*)
    ResourceManager::loadMesh(Json::Value const&, std::unordered_map<std::string, ResPtr<Resource>, std::hash<std::string>, std::equal_to<std::string>, std::allocator<std::pair<std::string const, ResPtr<Resource> > > > const&)
    ResourceManager::_load(std::string)
    ResourceManager::load(std::string)
    ResourceManager::_load(std::string)
    ResourceManager::load(std::string)
    main
    __libc_start_main

/home/rugrats/Documents/github/WIP8/src/GL/glbackend.cpp:108:virtual VertexBuffer* GLBackend::createVertexBuffer() Allocated a GLPersistentVertexBuffer (24 bytes) at 0xecde60
    getBacktrace()
    __track_new(void*, char const*, unsigned long, char const*, unsigned int, char const*)
    GLBackend::createVertexBuffer()
    Renderer::createVertexBuffer()
    Mesh::addPositions(Renderer*, MeshComponent const&)
    loadAWM(Renderer*, ResPtr<Shader>, char const*)
    ResourceManager::loadMesh(Json::Value const&, std::unordered_map<std::string, ResPtr<Resource>, std::hash<std::string>, std::equal_to<std::string>, std::allocator<std::pair<std::string const, ResPtr<Resource> > > > const&)
    ResourceManager::_load(std::string)
    ResourceManager::load(std::string)
    ResourceManager::_load(std::string)
    ResourceManager::load(std::string)
    main
    __libc_start_main

/home/rugrats/Documents/github/WIP8/src/mesh.cpp:65:MeshComponent* Mesh::addNormals(Renderer*, const MeshComponent&) Allocated a MeshComponent (32 bytes) at 0xece9a0
    getBacktrace()
    __track_new(void*, char const*, unsigned long, char const*, unsigned int, char const*)
    Mesh::addNormals(Renderer*, MeshComponent const&)
    loadAWM(Renderer*, ResPtr<Shader>, char const*)
    ResourceManager::loadMesh(Json::Value const&, std::unordered_map<std::string, ResPtr<Resource>, std::hash<std::string>, std::equal_to<std::string>, std::allocator<std::pair<std::string const, ResPtr<Resource> > > > const&)
    ResourceManager::_load(std::string)
    ResourceManager::load(std::string)
    ResourceManager::_load(std::string)
    ResourceManager::load(std::string)
    main
    __libc_start_main

/home/rugrats/Documents/github/WIP8/src/GL/glbackend.cpp:108:virtual VertexBuffer* GLBackend::createVertexBuffer() Allocated a GLPersistentVertexBuffer (24 bytes) at 0xecde80
    getBacktrace()
    __track_new(void*, char const*, unsigned long, char const*, unsigned int, char const*)
    GLBackend::createVertexBuffer()
    Renderer::createVertexBuffer()
    Mesh::addNormals(Renderer*, MeshComponent const&)
    loadAWM(Renderer*, ResPtr<Shader>, char const*)
    ResourceManager::loadMesh(Json::Value const&, std::unordered_map<std::string, ResPtr<Resource>, std::hash<std::string>, std::equal_to<std::string>, std::allocator<std::pair<std::string const, ResPtr<Resource> > > > const&)
    ResourceManager::_load(std::string)
    ResourceManager::load(std::string)
    ResourceManager::_load(std::string)
    ResourceManager::load(std::string)
    main
    __libc_start_main

/home/rugrats/Documents/github/WIP8/src/mesh.cpp:82:MeshComponent* Mesh::addUVs(Renderer*, const MeshComponent&) Allocated a MeshComponent (32 bytes) at 0xedb6e0
    getBacktrace()
    __track_new(void*, char const*, unsigned long, char const*, unsigned int, char const*)
    Mesh::addUVs(Renderer*, MeshComponent const&)
    loadAWM(Renderer*, ResPtr<Shader>, char const*)
    ResourceManager::loadMesh(Json::Value const&, std::unordered_map<std::string, ResPtr<Resource>, std::hash<std::string>, std::equal_to<std::string>, std::allocator<std::pair<std::string const, ResPtr<Resource> > > > const&)
    ResourceManager::_load(std::string)
    ResourceManager::load(std::string)
    ResourceManager::_load(std::string)
    ResourceManager::load(std::string)
    main
    __libc_start_main

/home/rugrats/Documents/github/WIP8/src/GL/glbackend.cpp:108:virtual VertexBuffer* GLBackend::createVertexBuffer() Allocated a GLPersistentVertexBuffer (24 bytes) at 0xeed140
    getBacktrace()
    __track_new(void*, char const*, unsigned long, char const*, unsigned int, char const*)
    GLBackend::createVertexBuffer()
    Renderer::createVertexBuffer()
    Mesh::addUVs(Renderer*, MeshComponent const&)
    loadAWM(Renderer*, ResPtr<Shader>, char const*)
    ResourceManager::loadMesh(Json::Value const&, std::unordered_map<std::string, ResPtr<Resource>, std::hash<std::string>, std::equal_to<std::string>, std::allocator<std::pair<std::string const, ResPtr<Resource> > > > const&)
    ResourceManager::_load(std::string)
    ResourceManager::load(std::string)
    ResourceManager::_load(std::string)
    ResourceManager::load(std::string)
    main
    __libc_start_main

/home/rugrats/Documents/github/WIP8/src/mesh.cpp:99:MeshComponent* Mesh::addColors(Renderer*, const MeshComponent&) Allocated a MeshComponent (32 bytes) at 0xeed800
    getBacktrace()
    __track_new(void*, char const*, unsigned long, char const*, unsigned int, char const*)
    Mesh::addColors(Renderer*, MeshComponent const&)
    loadAWM(Renderer*, ResPtr<Shader>, char const*)
    ResourceManager::loadMesh(Json::Value const&, std::unordered_map<std::string, ResPtr<Resource>, std::hash<std::string>, std::equal_to<std::string>, std::allocator<std::pair<std::string const, ResPtr<Resource> > > > const&)
    ResourceManager::_load(std::string)
    ResourceManager::load(std::string)
    ResourceManager::_load(std::string)
    ResourceManager::load(std::string)
    main
    __libc_start_main

/home/rugrats/Documents/github/WIP8/src/GL/glbackend.cpp:108:virtual VertexBuffer* GLBackend::createVertexBuffer() Allocated a GLPersistentVertexBuffer (24 bytes) at 0xeed160
    getBacktrace()
    __track_new(void*, char const*, unsigned long, char const*, unsigned int, char const*)
    GLBackend::createVertexBuffer()
    Renderer::createVertexBuffer()
    Mesh::addColors(Renderer*, MeshComponent const&)
    loadAWM(Renderer*, ResPtr<Shader>, char const*)
    ResourceManager::loadMesh(Json::Value const&, std::unordered_map<std::string, ResPtr<Resource>, std::hash<std::string>, std::equal_to<std::string>, std::allocator<std::pair<std::string const, ResPtr<Resource> > > > const&)
    ResourceManager::_load(std::string)
    ResourceManager::load(std::string)
    ResourceManager::_load(std::string)
    ResourceManager::load(std::string)
    main
    __libc_start_main

/home/rugrats/Documents/github/WIP8/src/mesh.cpp:116:MeshComponent* Mesh::addTangents(Renderer*, const MeshComponent&) Allocated a MeshComponent (32 bytes) at 0xecf180
    getBacktrace()
    __track_new(void*, char const*, unsigned long, char const*, unsigned int, char const*)
    Mesh::addTangents(Renderer*, MeshComponent const&)
    loadAWM(Renderer*, ResPtr<Shader>, char const*)
    ResourceManager::loadMesh(Json::Value const&, std::unordered_map<std::string, ResPtr<Resource>, std::hash<std::string>, std::equal_to<std::string>, std::allocator<std::pair<std::string const, ResPtr<Resource> > > > const&)
    ResourceManager::_load(std::string)
    ResourceManager::load(std::string)
    ResourceManager::_load(std::string)
    ResourceManager::load(std::string)
    main
    __libc_start_main

/home/rugrats/Documents/github/WIP8/src/GL/glbackend.cpp:108:virtual VertexBuffer* GLBackend::createVertexBuffer() Allocated a GLPersistentVertexBuffer (24 bytes) at 0xee8dc0
    getBacktrace()
    __track_new(void*, char const*, unsigned long, char const*, unsigned int, char const*)
    GLBackend::createVertexBuffer()
    Renderer::createVertexBuffer()
    Mesh::addTangents(Renderer*, MeshComponent const&)
    loadAWM(Renderer*, ResPtr<Shader>, char const*)
    ResourceManager::loadMesh(Json::Value const&, std::unordered_map<std::string, ResPtr<Resource>, std::hash<std::string>, std::equal_to<std::string>, std::allocator<std::pair<std::string const, ResPtr<Resource> > > > const&)
    ResourceManager::_load(std::string)
    ResourceManager::load(std::string)
    ResourceManager::_load(std::string)
    ResourceManager::load(std::string)
    main
    __libc_start_main

/home/rugrats/Documents/github/WIP8/src/mesh.cpp:133:MeshComponent* Mesh::addIndices(Renderer*, const MeshComponent&) Allocated a MeshComponent (32 bytes) at 0xee9480
    getBacktrace()
    __track_new(void*, char const*, unsigned long, char const*, unsigned int, char const*)
    Mesh::addIndices(Renderer*, MeshComponent const&)
    loadAWM(Renderer*, ResPtr<Shader>, char const*)
    ResourceManager::loadMesh(Json::Value const&, std::unordered_map<std::string, ResPtr<Resource>, std::hash<std::string>, std::equal_to<std::string>, std::allocator<std::pair<std::string const, ResPtr<Resource> > > > const&)
    ResourceManager::_load(std::string)
    ResourceManager::load(std::string)
    ResourceManager::_load(std::string)
    ResourceManager::load(std::string)
    main
    __libc_start_main

/home/rugrats/Documents/github/WIP8/src/GL/glbackend.cpp:108:virtual VertexBuffer* GLBackend::createVertexBuffer() Allocated a GLPersistentVertexBuffer (24 bytes) at 0xee8de0
    getBacktrace()
    __track_new(void*, char const*, unsigned long, char const*, unsigned int, char const*)
    GLBackend::createVertexBuffer()
    Renderer::createVertexBuffer()
    Mesh::addIndices(Renderer*, MeshComponent const&)
    loadAWM(Renderer*, ResPtr<Shader>, char const*)
    ResourceManager::loadMesh(Json::Value const&, std::unordered_map<std::string, ResPtr<Resource>, std::hash<std::string>, std::equal_to<std::string>, std::allocator<std::pair<std::string const, ResPtr<Resource> > > > const&)
    ResourceManager::_load(std::string)
    ResourceManager::load(std::string)
    ResourceManager::_load(std::string)
    ResourceManager::load(std::string)
    main
    __libc_start_main

/home/rugrats/Documents/github/WIP8/src/resourcemanager.cpp:151:std::string readFile(std::string) Allocated 324 bytes at 0x12a9e30
    getBacktrace()
    __track_allocate(void*, unsigned long, char const*, unsigned int, char const*)
    readFile(std::string)
    ResourceManager::_load(std::string)
    ResourceManager::load(std::string)
    ResourceManager::_load(std::string)
    ResourceManager::load(std::string)
    main
    __libc_start_main

/home/rugrats/Documents/github/WIP8/src/resourcemanager.cpp:160:std::string readFile(std::string) Deallocated 0x12a9e30
    getBacktrace()
    __track_deallocate(void*, char const*, unsigned int, char const*)
    readFile(std::string)
    ResourceManager::_load(std::string)
    ResourceManager::load(std::string)
    ResourceManager::_load(std::string)
    ResourceManager::load(std::string)
    main
    __libc_start_main

/home/rugrats/Documents/github/WIP8/src/awm.cpp:39:Mesh* loadAWM(Renderer*, ResPtr<Shader>, const char*) Allocated a Mesh (136 bytes) at 0x12a9e30
    getBacktrace()
    __track_new(void*, char const*, unsigned long, char const*, unsigned int, char const*)
    loadAWM(Renderer*, ResPtr<Shader>, char const*)
    ResourceManager::loadMesh(Json::Value const&, std::unordered_map<std::string, ResPtr<Resource>, std::hash<std::string>, std::equal_to<std::string>, std::allocator<std::pair<std::string const, ResPtr<Resource> > > > const&)
    ResourceManager::_load(std::string)
    ResourceManager::load(std::string)
    ResourceManager::_load(std::string)
    ResourceManager::load(std::string)
    main
    __libc_start_main

/home/rugrats/Documents/github/WIP8/src/mesh.cpp:48:MeshComponent* Mesh::addPositions(Renderer*, const MeshComponent&) Allocated a MeshComponent (32 bytes) at 0x12a9ec0
    getBacktrace()
    __track_new(void*, char const*, unsigned long, char const*, unsigned int, char const*)
    Mesh::addPositions(Renderer*, MeshComponent const&)
    loadAWM(Renderer*, ResPtr<Shader>, char const*)
    ResourceManager::loadMesh(Json::Value const&, std::unordered_map<std::string, ResPtr<Resource>, std::hash<std::string>, std::equal_to<std::string>, std::allocator<std::pair<std::string const, ResPtr<Resource> > > > const&)
    ResourceManager::_load(std::string)
    ResourceManager::load(std::string)
    ResourceManager::_load(std::string)
    ResourceManager::load(std::string)
    main
    __libc_start_main

/home/rugrats/Documents/github/WIP8/src/GL/glbackend.cpp:108:virtual VertexBuffer* GLBackend::createVertexBuffer() Allocated a GLPersistentVertexBuffer (24 bytes) at 0xedbda0
    getBacktrace()
    __track_new(void*, char const*, unsigned long, char const*, unsigned int, char const*)
    GLBackend::createVertexBuffer()
    Renderer::createVertexBuffer()
    Mesh::addPositions(Renderer*, MeshComponent const&)
    loadAWM(Renderer*, ResPtr<Shader>, char const*)
    ResourceManager::loadMesh(Json::Value const&, std::unordered_map<std::string, ResPtr<Resource>, std::hash<std::string>, std::equal_to<std::string>, std::allocator<std::pair<std::string const, ResPtr<Resource> > > > const&)
    ResourceManager::_load(std::string)
    ResourceManager::load(std::string)
    ResourceManager::_load(std::string)
    ResourceManager::load(std::string)
    main
    __libc_start_main

/home/rugrats/Documents/github/WIP8/src/mesh.cpp:65:MeshComponent* Mesh::addNormals(Renderer*, const MeshComponent&) Allocated a MeshComponent (32 bytes) at 0xeee6a0
    getBacktrace()
    __track_new(void*, char const*, unsigned long, char const*, unsigned int, char const*)
    Mesh::addNormals(Renderer*, MeshComponent const&)
    loadAWM(Renderer*, ResPtr<Shader>, char const*)
    ResourceManager::loadMesh(Json::Value const&, std::unordered_map<std::string, ResPtr<Resource>, std::hash<std::string>, std::equal_to<std::string>, std::allocator<std::pair<std::string const, ResPtr<Resource> > > > const&)
    ResourceManager::_load(std::string)
    ResourceManager::load(std::string)
    ResourceManager::_load(std::string)
    ResourceManager::load(std::string)
    main
    __libc_start_main

/home/rugrats/Documents/github/WIP8/src/GL/glbackend.cpp:108:virtual VertexBuffer* GLBackend::createVertexBuffer() Allocated a GLPersistentVertexBuffer (24 bytes) at 0xedbdc0
    getBacktrace()
    __track_new(void*, char const*, unsigned long, char const*, unsigned int, char const*)
    GLBackend::createVertexBuffer()
    Renderer::createVertexBuffer()
    Mesh::addNormals(Renderer*, MeshComponent const&)
    loadAWM(Renderer*, ResPtr<Shader>, char const*)
    ResourceManager::loadMesh(Json::Value const&, std::unordered_map<std::string, ResPtr<Resource>, std::hash<std::string>, std::equal_to<std::string>, std::allocator<std::pair<std::string const, ResPtr<Resource> > > > const&)
    ResourceManager::_load(std::string)
    ResourceManager::load(std::string)
    ResourceManager::_load(std::string)
    ResourceManager::load(std::string)
    main
    __libc_start_main

/home/rugrats/Documents/github/WIP8/src/mesh.cpp:82:MeshComponent* Mesh::addUVs(Renderer*, const MeshComponent&) Allocated a MeshComponent (32 bytes) at 0xed0020
    getBacktrace()
    __track_new(void*, char const*, unsigned long, char const*, unsigned int, char const*)
    Mesh::addUVs(Renderer*, MeshComponent const&)
    loadAWM(Renderer*, ResPtr<Shader>, char const*)
    ResourceManager::loadMesh(Json::Value const&, std::unordered_map<std::string, ResPtr<Resource>, std::hash<std::string>, std::equal_to<std::string>, std::allocator<std::pair<std::string const, ResPtr<Resource> > > > const&)
    ResourceManager::_load(std::string)
    ResourceManager::load(std::string)
    ResourceManager::_load(std::string)
    ResourceManager::load(std::string)
    main
    __libc_start_main

/home/rugrats/Documents/github/WIP8/src/GL/glbackend.cpp:108:virtual VertexBuffer* GLBackend::createVertexBuffer() Allocated a GLPersistentVertexBuffer (24 bytes) at 0xee9c60
    getBacktrace()
    __track_new(void*, char const*, unsigned long, char const*, unsigned int, char const*)
    GLBackend::createVertexBuffer()
    Renderer::createVertexBuffer()
    Mesh::addUVs(Renderer*, MeshComponent const&)
    loadAWM(Renderer*, ResPtr<Shader>, char const*)
    ResourceManager::loadMesh(Json::Value const&, std::unordered_map<std::string, ResPtr<Resource>, std::hash<std::string>, std::equal_to<std::string>, std::allocator<std::pair<std::string const, ResPtr<Resource> > > > const&)
    ResourceManager::_load(std::string)
    ResourceManager::load(std::string)
    ResourceManager::_load(std::string)
    ResourceManager::load(std::string)
    main
    __libc_start_main

/home/rugrats/Documents/github/WIP8/src/mesh.cpp:99:MeshComponent* Mesh::addColors(Renderer*, const MeshComponent&) Allocated a MeshComponent (32 bytes) at 0xeea320
    getBacktrace()
    __track_new(void*, char const*, unsigned long, char const*, unsigned int, char const*)
    Mesh::addColors(Renderer*, MeshComponent const&)
    loadAWM(Renderer*, ResPtr<Shader>, char const*)
    ResourceManager::loadMesh(Json::Value const&, std::unordered_map<std::string, ResPtr<Resource>, std::hash<std::string>, std::equal_to<std::string>, std::allocator<std::pair<std::string const, ResPtr<Resource> > > > const&)
    ResourceManager::_load(std::string)
    ResourceManager::load(std::string)
    ResourceManager::_load(std::string)
    ResourceManager::load(std::string)
    main
    __libc_start_main

/home/rugrats/Documents/github/WIP8/src/GL/glbackend.cpp:108:virtual VertexBuffer* GLBackend::createVertexBuffer() Allocated a GLPersistentVertexBuffer (24 bytes) at 0xee9c80
    getBacktrace()
    __track_new(void*, char const*, unsigned long, char const*, unsigned int, char const*)
    GLBackend::createVertexBuffer()
    Renderer::createVertexBuffer()
    Mesh::addColors(Renderer*, MeshComponent const&)
    loadAWM(Renderer*, ResPtr<Shader>, char const*)
    ResourceManager::loadMesh(Json::Value const&, std::unordered_map<std::string, ResPtr<Resource>, std::hash<std::string>, std::equal_to<std::string>, std::allocator<std::pair<std::string const, ResPtr<Resource> > > > const&)
    ResourceManager::_load(std::string)
    ResourceManager::load(std::string)
    ResourceManager::_load(std::string)
    ResourceManager::load(std::string)
    main
    __libc_start_main

/home/rugrats/Documents/github/WIP8/src/mesh.cpp:116:MeshComponent* Mesh::addTangents(Renderer*, const MeshComponent&) Allocated a MeshComponent (32 bytes) at 0xed05c0
    getBacktrace()
    __track_new(void*, char const*, unsigned long, char const*, unsigned int, char const*)
    Mesh::addTangents(Renderer*, MeshComponent const&)
    loadAWM(Renderer*, ResPtr<Shader>, char const*)
    ResourceManager::loadMesh(Json::Value const&, std::unordered_map<std::string, ResPtr<Resource>, std::hash<std::string>, std::equal_to<std::string>, std::allocator<std::pair<std::string const, ResPtr<Resource> > > > const&)
    ResourceManager::_load(std::string)
    ResourceManager::load(std::string)
    ResourceManager::_load(std::string)
    ResourceManager::load(std::string)
    main
    __libc_start_main

/home/rugrats/Documents/github/WIP8/src/GL/glbackend.cpp:108:virtual VertexBuffer* GLBackend::createVertexBuffer() Allocated a GLPersistentVertexBuffer (24 bytes) at 0xedcc40
    getBacktrace()
    __track_new(void*, char const*, unsigned long, char const*, unsigned int, char const*)
    GLBackend::createVertexBuffer()
    Renderer::createVertexBuffer()
    Mesh::addTangents(Renderer*, MeshComponent const&)
    loadAWM(Renderer*, ResPtr<Shader>, char const*)
    ResourceManager::loadMesh(Json::Value const&, std::unordered_map<std::string, ResPtr<Resource>, std::hash<std::string>, std::equal_to<std::string>, std::allocator<std::pair<std::string const, ResPtr<Resource> > > > const&)
    ResourceManager::_load(std::string)
    ResourceManager::load(std::string)
    ResourceManager::_load(std::string)
    ResourceManager::load(std::string)
    main
    __libc_start_main

/home/rugrats/Documents/github/WIP8/src/mesh.cpp:133:MeshComponent* Mesh::addIndices(Renderer*, const MeshComponent&) Allocated a MeshComponent (32 bytes) at 0x1294f40
    getBacktrace()
    __track_new(void*, char const*, unsigned long, char const*, unsigned int, char const*)
    Mesh::addIndices(Renderer*, MeshComponent const&)
    loadAWM(Renderer*, ResPtr<Shader>, char const*)
    ResourceManager::loadMesh(Json::Value const&, std::unordered_map<std::string, ResPtr<Resource>, std::hash<std::string>, std::equal_to<std::string>, std::allocator<std::pair<std::string const, ResPtr<Resource> > > > const&)
    ResourceManager::_load(std::string)
    ResourceManager::load(std::string)
    ResourceManager::_load(std::string)
    ResourceManager::load(std::string)
    main
    __libc_start_main

/home/rugrats/Documents/github/WIP8/src/GL/glbackend.cpp:108:virtual VertexBuffer* GLBackend::createVertexBuffer() Allocated a GLPersistentVertexBuffer (24 bytes) at 0xedcc60
    getBacktrace()
    __track_new(void*, char const*, unsigned long, char const*, unsigned int, char const*)
    GLBackend::createVertexBuffer()
    Renderer::createVertexBuffer()
    Mesh::addIndices(Renderer*, MeshComponent const&)
    loadAWM(Renderer*, ResPtr<Shader>, char const*)
    ResourceManager::loadMesh(Json::Value const&, std::unordered_map<std::string, ResPtr<Resource>, std::hash<std::string>, std::equal_to<std::string>, std::allocator<std::pair<std::string const, ResPtr<Resource> > > > const&)
    ResourceManager::_load(std::string)
    ResourceManager::load(std::string)
    ResourceManager::_load(std::string)
    ResourceManager::load(std::string)
    main
    __libc_start_main

/home/rugrats/Documents/github/WIP8/src/resourcemanager.cpp:151:std::string readFile(std::string) Allocated 1659 bytes at 0x12aac20
    getBacktrace()
    __track_allocate(void*, unsigned long, char const*, unsigned int, char const*)
    readFile(std::string)
    ResourceManager::_load(std::string)
    ResourceManager::load(std::string)
    ResourceManager::_load(std::string)
    ResourceManager::load(std::string)
    main
    __libc_start_main

/home/rugrats/Documents/github/WIP8/src/resourcemanager.cpp:160:std::string readFile(std::string) Deallocated 0x12aac20
    getBacktrace()
    __track_deallocate(void*, char const*, unsigned int, char const*)
    readFile(std::string)
    ResourceManager::_load(std::string)
    ResourceManager::load(std::string)
    ResourceManager::_load(std::string)
    ResourceManager::load(std::string)
    main
    __libc_start_main

/home/rugrats/Documents/github/WIP8/src/resourcemanager.cpp:151:std::string readFile(std::string) Allocated 354 bytes at 0x12ac0a0
    getBacktrace()
    __track_allocate(void*, unsigned long, char const*, unsigned int, char const*)
    readFile(std::string)
    ResourceManager::_load(std::string)
    ResourceManager::load(std::string)
    ResourceManager::_load(std::string)
    ResourceManager::load(std::string)
    ResourceManager::_load(std::string)
    ResourceManager::load(std::string)
    main
    __libc_start_main

/home/rugrats/Documents/github/WIP8/src/resourcemanager.cpp:160:std::string readFile(std::string) Deallocated 0x12ac0a0
    getBacktrace()
    __track_deallocate(void*, char const*, unsigned int, char const*)
    readFile(std::string)
    ResourceManager::_load(std::string)
    ResourceManager::load(std::string)
    ResourceManager::_load(std::string)
    ResourceManager::load(std::string)
    ResourceManager::_load(std::string)
    ResourceManager::load(std::string)
    main
    __libc_start_main

/home/rugrats/Documents/github/WIP8/src/GL/glbackend.cpp:124:virtual Texture* GLBackend::createTexture(Texture::Type) Allocated a GLTexture (64 bytes) at 0x12acfe0
    getBacktrace()
    __track_new(void*, char const*, unsigned long, char const*, unsigned int, char const*)
    GLBackend::createTexture(Texture::Type)
    Renderer::createTexture(Texture::Type)
    Renderer::createTexture(char const*)
    ResourceManager::loadTexture(Json::Value const&, std::unordered_map<std::string, ResPtr<Resource>, std::hash<std::string>, std::equal_to<std::string>, std::allocator<std::pair<std::string const, ResPtr<Resource> > > > const&)
    ResourceManager::_load(std::string)
    ResourceManager::load(std::string)
    ResourceManager::_load(std::string)
    ResourceManager::load(std::string)
    ResourceManager::_load(std::string)
    ResourceManager::load(std::string)
    main
    __libc_start_main

/home/rugrats/Documents/github/WIP8/src/resourcemanager.cpp:151:std::string readFile(std::string) Allocated 130 bytes at 0x10fab10
    getBacktrace()
    __track_allocate(void*, unsigned long, char const*, unsigned int, char const*)
    readFile(std::string)
    ResourceManager::_load(std::string)
    ResourceManager::load(std::string)
    ResourceManager::_load(std::string)
    ResourceManager::load(std::string)
    ResourceManager::_load(std::string)
    ResourceManager::load(std::string)
    main
    __libc_start_main

/home/rugrats/Documents/github/WIP8/src/resourcemanager.cpp:160:std::string readFile(std::string) Deallocated 0x10fab10
    getBacktrace()
    __track_deallocate(void*, char const*, unsigned int, char const*)
    readFile(std::string)
    ResourceManager::_load(std::string)
    ResourceManager::load(std::string)
    ResourceManager::_load(std::string)
    ResourceManager::load(std::string)
    ResourceManager::_load(std::string)
    ResourceManager::load(std::string)
    main
    __libc_start_main

/home/rugrats/Documents/github/WIP8/src/resourcemanager.cpp:151:std::string readFile(std::string) Allocated 4804 bytes at 0x148b400
    getBacktrace()
    __track_allocate(void*, unsigned long, char const*, unsigned int, char const*)
    readFile(std::string)
    ResourceManager::loadShader(Json::Value const&, std::unordered_map<std::string, ResPtr<Resource>, std::hash<std::string>, std::equal_to<std::string>, std::allocator<std::pair<std::string const, ResPtr<Resource> > > > const&)
    ResourceManager::_load(std::string)
    ResourceManager::load(std::string)
    ResourceManager::_load(std::string)
    ResourceManager::load(std::string)
    ResourceManager::_load(std::string)
    ResourceManager::load(std::string)
    main
    __libc_start_main

/home/rugrats/Documents/github/WIP8/src/resourcemanager.cpp:160:std::string readFile(std::string) Deallocated 0x148b400
    getBacktrace()
    __track_deallocate(void*, char const*, unsigned int, char const*)
    readFile(std::string)
    ResourceManager::loadShader(Json::Value const&, std::unordered_map<std::string, ResPtr<Resource>, std::hash<std::string>, std::equal_to<std::string>, std::allocator<std::pair<std::string const, ResPtr<Resource> > > > const&)
    ResourceManager::_load(std::string)
    ResourceManager::load(std::string)
    ResourceManager::_load(std::string)
    ResourceManager::load(std::string)
    ResourceManager::_load(std::string)
    ResourceManager::load(std::string)
    main
    __libc_start_main

/home/rugrats/Documents/github/WIP8/src/resourcemanager.cpp:470:Shader* ResourceManager::loadShader(const Json::Value&, const std::unordered_map<std::basic_string<char>, ResPtr<Resource> >&) Allocated a Shader (96 bytes) at 0x12904b0
    getBacktrace()
    __track_new(void*, char const*, unsigned long, char const*, unsigned int, char const*)
    ResourceManager::loadShader(Json::Value const&, std::unordered_map<std::string, ResPtr<Resource>, std::hash<std::string>, std::equal_to<std::string>, std::allocator<std::pair<std::string const, ResPtr<Resource> > > > const&)
    ResourceManager::_load(std::string)
    ResourceManager::load(std::string)
    ResourceManager::_load(std::string)
    ResourceManager::load(std::string)
    ResourceManager::_load(std::string)
    ResourceManager::load(std::string)
    main
    __libc_start_main

/home/rugrats/Documents/github/WIP8/src/resourcemanager.cpp:151:std::string readFile(std::string) Allocated 688 bytes at 0x12aec10
    getBacktrace()
    __track_allocate(void*, unsigned long, char const*, unsigned int, char const*)
    readFile(std::string)
    ResourceManager::_load(std::string)
    ResourceManager::load(std::string)
    ResourceManager::_load(std::string)
    ResourceManager::load(std::string)
    ResourceManager::_load(std::string)
    ResourceManager::load(std::string)
    main
    __libc_start_main

/home/rugrats/Documents/github/WIP8/src/resourcemanager.cpp:160:std::string readFile(std::string) Deallocated 0x12aec10
    getBacktrace()
    __track_deallocate(void*, char const*, unsigned int, char const*)
    readFile(std::string)
    ResourceManager::_load(std::string)
    ResourceManager::load(std::string)
    ResourceManager::_load(std::string)
    ResourceManager::load(std::string)
    ResourceManager::_load(std::string)
    ResourceManager::load(std::string)
    main
    __libc_start_main

/home/rugrats/Documents/github/WIP8/src/GL/glbackend.cpp:124:virtual Texture* GLBackend::createTexture(Texture::Type) Allocated a GLTexture (64 bytes) at 0x11096e0
    getBacktrace()
    __track_new(void*, char const*, unsigned long, char const*, unsigned int, char const*)
    GLBackend::createTexture(Texture::Type)
    Renderer::createTexture(Texture::Type)
    Renderer::createCubemap(char const*, char const*, char const*, char const*, char const*, char const*)
    ResourceManager::loadTexture(Json::Value const&, std::unordered_map<std::string, ResPtr<Resource>, std::hash<std::string>, std::equal_to<std::string>, std::allocator<std::pair<std::string const, ResPtr<Resource> > > > const&)
    ResourceManager::_load(std::string)
    ResourceManager::load(std::string)
    ResourceManager::_load(std::string)
    ResourceManager::load(std::string)
    ResourceManager::_load(std::string)
    ResourceManager::load(std::string)
    main
    __libc_start_main

/home/rugrats/Documents/github/WIP8/src/resourcemanager.cpp:151:std::string readFile(std::string) Allocated 354 bytes at 0x14cb6d0
    getBacktrace()
    __track_allocate(void*, unsigned long, char const*, unsigned int, char const*)
    readFile(std::string)
    ResourceManager::_load(std::string)
    ResourceManager::load(std::string)
    ResourceManager::_load(std::string)
    ResourceManager::load(std::string)
    ResourceManager::_load(std::string)
    ResourceManager::load(std::string)
    main
    __libc_start_main

/home/rugrats/Documents/github/WIP8/src/resourcemanager.cpp:160:std::string readFile(std::string) Deallocated 0x14cb6d0
    getBacktrace()
    __track_deallocate(void*, char const*, unsigned int, char const*)
    readFile(std::string)
    ResourceManager::_load(std::string)
    ResourceManager::load(std::string)
    ResourceManager::_load(std::string)
    ResourceManager::load(std::string)
    ResourceManager::_load(std::string)
    ResourceManager::load(std::string)
    main
    __libc_start_main

/home/rugrats/Documents/github/WIP8/src/GL/glbackend.cpp:124:virtual Texture* GLBackend::createTexture(Texture::Type) Allocated a GLTexture (64 bytes) at 0x14b7050
    getBacktrace()
    __track_new(void*, char const*, unsigned long, char const*, unsigned int, char const*)
    GLBackend::createTexture(Texture::Type)
    Renderer::createTexture(Texture::Type)
    Renderer::createTexture(char const*)
    ResourceManager::loadTexture(Json::Value const&, std::unordered_map<std::string, ResPtr<Resource>, std::hash<std::string>, std::equal_to<std::string>, std::allocator<std::pair<std::string const, ResPtr<Resource> > > > const&)
    ResourceManager::_load(std::string)
    ResourceManager::load(std::string)
    ResourceManager::_load(std::string)
    ResourceManager::load(std::string)
    ResourceManager::_load(std::string)
    ResourceManager::load(std::string)
    main
    __libc_start_main

/home/rugrats/Documents/github/WIP8/src/resourcemanager.cpp:151:std::string readFile(std::string) Allocated 356 bytes at 0x14ccf40
    getBacktrace()
    __track_allocate(void*, unsigned long, char const*, unsigned int, char const*)
    readFile(std::string)
    ResourceManager::_load(std::string)
    ResourceManager::load(std::string)
    ResourceManager::_load(std::string)
    ResourceManager::load(std::string)
    ResourceManager::_load(std::string)
    ResourceManager::load(std::string)
    main
    __libc_start_main

/home/rugrats/Documents/github/WIP8/src/resourcemanager.cpp:160:std::string readFile(std::string) Deallocated 0x14ccf40
    getBacktrace()
    __track_deallocate(void*, char const*, unsigned int, char const*)
    readFile(std::string)
    ResourceManager::_load(std::string)
    ResourceManager::load(std::string)
    ResourceManager::_load(std::string)
    ResourceManager::load(std::string)
    ResourceManager::_load(std::string)
    ResourceManager::load(std::string)
    main
    __libc_start_main

/home/rugrats/Documents/github/WIP8/src/GL/glbackend.cpp:124:virtual Texture* GLBackend::createTexture(Texture::Type) Allocated a GLTexture (64 bytes) at 0x14bc0b0
    getBacktrace()
    __track_new(void*, char const*, unsigned long, char const*, unsigned int, char const*)
    GLBackend::createTexture(Texture::Type)
    Renderer::createTexture(Texture::Type)
    Renderer::createTexture(char const*)
    ResourceManager::loadTexture(Json::Value const&, std::unordered_map<std::string, ResPtr<Resource>, std::hash<std::string>, std::equal_to<std::string>, std::allocator<std::pair<std::string const, ResPtr<Resource> > > > const&)
    ResourceManager::_load(std::string)
    ResourceManager::load(std::string)
    ResourceManager::_load(std::string)
    ResourceManager::load(std::string)
    ResourceManager::_load(std::string)
    ResourceManager::load(std::string)
    main
    __libc_start_main

/home/rugrats/Documents/github/WIP8/src/resourcemanager.cpp:530:Material* ResourceManager::loadMaterial(const Json::Value&, const std::unordered_map<std::basic_string<char>, ResPtr<Resource> >&) Allocated a Material (160 bytes) at 0x12ab9f0
    getBacktrace()
    __track_new(void*, char const*, unsigned long, char const*, unsigned int, char const*)
    ResourceManager::loadMaterial(Json::Value const&, std::unordered_map<std::string, ResPtr<Resource>, std::hash<std::string>, std::equal_to<std::string>, std::allocator<std::pair<std::string const, ResPtr<Resource> > > > const&)
    ResourceManager::_load(std::string)
    ResourceManager::load(std::string)
    ResourceManager::_load(std::string)
    ResourceManager::load(std::string)
    main
    __libc_start_main

/home/rugrats/Documents/github/WIP8/src/resourcemanager.cpp:438:Model* ResourceManager::loadModel(const Json::Value&, const std::unordered_map<std::basic_string<char>, ResPtr<Resource> >&) Allocated a Model (56 bytes) at 0xeebe20
    getBacktrace()
    __track_new(void*, char const*, unsigned long, char const*, unsigned int, char const*)
    ResourceManager::loadModel(Json::Value const&, std::unordered_map<std::string, ResPtr<Resource>, std::hash<std::string>, std::equal_to<std::string>, std::allocator<std::pair<std::string const, ResPtr<Resource> > > > const&)
    ResourceManager::_load(std::string)
    ResourceManager::load(std::string)
    main
    __libc_start_main

/home/rugrats/Documents/github/WIP8/src/resourcemanager.cpp:151:std::string readFile(std::string) Allocated 126 bytes at 0x1486fe0
    getBacktrace()
    __track_allocate(void*, unsigned long, char const*, unsigned int, char const*)
    readFile(std::string)
    ResourceManager::_load(std::string)
    ResourceManager::load(std::string)
    main
    __libc_start_main

/home/rugrats/Documents/github/WIP8/src/resourcemanager.cpp:160:std::string readFile(std::string) Deallocated 0x1486fe0
    getBacktrace()
    __track_deallocate(void*, char const*, unsigned int, char const*)
    readFile(std::string)
    ResourceManager::_load(std::string)
    ResourceManager::load(std::string)
    main
    __libc_start_main

/home/rugrats/Documents/github/WIP8/src/resourcemanager.cpp:151:std::string readFile(std::string) Allocated 209 bytes at 0x1292ae0
    getBacktrace()
    __track_allocate(void*, unsigned long, char const*, unsigned int, char const*)
    readFile(std::string)
    ResourceManager::loadShader(Json::Value const&, std::unordered_map<std::string, ResPtr<Resource>, std::hash<std::string>, std::equal_to<std::string>, std::allocator<std::pair<std::string const, ResPtr<Resource> > > > const&)
    ResourceManager::_load(std::string)
    ResourceManager::load(std::string)
    main
    __libc_start_main

/home/rugrats/Documents/github/WIP8/src/resourcemanager.cpp:160:std::string readFile(std::string) Deallocated 0x1292ae0
    getBacktrace()
    __track_deallocate(void*, char const*, unsigned int, char const*)
    readFile(std::string)
    ResourceManager::loadShader(Json::Value const&, std::unordered_map<std::string, ResPtr<Resource>, std::hash<std::string>, std::equal_to<std::string>, std::allocator<std::pair<std::string const, ResPtr<Resource> > > > const&)
    ResourceManager::_load(std::string)
    ResourceManager::load(std::string)
    main
    __libc_start_main

/home/rugrats/Documents/github/WIP8/src/resourcemanager.cpp:467:Shader* ResourceManager::loadShader(const Json::Value&, const std::unordered_map<std::basic_string<char>, ResPtr<Resource> >&) Allocated a Shader (96 bytes) at 0x1293700
    getBacktrace()
    __track_new(void*, char const*, unsigned long, char const*, unsigned int, char const*)
    ResourceManager::loadShader(Json::Value const&, std::unordered_map<std::string, ResPtr<Resource>, std::hash<std::string>, std::equal_to<std::string>, std::allocator<std::pair<std::string const, ResPtr<Resource> > > > const&)
    ResourceManager::_load(std::string)
    ResourceManager::load(std::string)
    main
    __libc_start_main

/home/rugrats/Documents/github/WIP8/src/resourcemanager.cpp:113:ResPtr<Mesh> ResourceManager::createMesh(ResPtr<Shader>, Mesh::Primitive, unsigned int, unsigned int) Allocated a Mesh (136 bytes) at 0x1486ce0
    getBacktrace()
    __track_new(void*, char const*, unsigned long, char const*, unsigned int, char const*)
    ResourceManager::createMesh(ResPtr<Shader>, Mesh::Primitive, unsigned int, unsigned int)
    main
    __libc_start_main

/home/rugrats/Documents/github/WIP8/src/mesh.cpp:48:MeshComponent* Mesh::addPositions(Renderer*, const MeshComponent&) Allocated a MeshComponent (32 bytes) at 0x1293370
    getBacktrace()
    __track_new(void*, char const*, unsigned long, char const*, unsigned int, char const*)
    Mesh::addPositions(Renderer*, MeshComponent const&)
    main
    __libc_start_main

/home/rugrats/Documents/github/WIP8/src/GL/glbackend.cpp:108:virtual VertexBuffer* GLBackend::createVertexBuffer() Allocated a GLPersistentVertexBuffer (24 bytes) at 0xee3720
    getBacktrace()
    __track_new(void*, char const*, unsigned long, char const*, unsigned int, char const*)
    GLBackend::createVertexBuffer()
    Renderer::createVertexBuffer()
    Mesh::addPositions(Renderer*, MeshComponent const&)
    main
    __libc_start_main

/home/rugrats/Documents/github/WIP8/src/resourcemanager.cpp:151:std::string readFile(std::string) Allocated 128 bytes at 0x1486fe0
    getBacktrace()
    __track_allocate(void*, unsigned long, char const*, unsigned int, char const*)
    readFile(std::string)
    ResourceManager::_load(std::string)
    ResourceManager::load(std::string)
    main
    __libc_start_main

/home/rugrats/Documents/github/WIP8/src/resourcemanager.cpp:160:std::string readFile(std::string) Deallocated 0x1486fe0
    getBacktrace()
    __track_deallocate(void*, char const*, unsigned int, char const*)
    readFile(std::string)
    ResourceManager::_load(std::string)
    ResourceManager::load(std::string)
    main
    __libc_start_main

/home/rugrats/Documents/github/WIP8/src/resourcemanager.cpp:151:std::string readFile(std::string) Allocated 1941 bytes at 0x12aa9e0
    getBacktrace()
    __track_allocate(void*, unsigned long, char const*, unsigned int, char const*)
    readFile(std::string)
    ResourceManager::loadShader(Json::Value const&, std::unordered_map<std::string, ResPtr<Resource>, std::hash<std::string>, std::equal_to<std::string>, std::allocator<std::pair<std::string const, ResPtr<Resource> > > > const&)
    ResourceManager::_load(std::string)
    ResourceManager::load(std::string)
    main
    __libc_start_main

/home/rugrats/Documents/github/WIP8/src/resourcemanager.cpp:160:std::string readFile(std::string) Deallocated 0x12aa9e0
    getBacktrace()
    __track_deallocate(void*, char const*, unsigned int, char const*)
    readFile(std::string)
    ResourceManager::loadShader(Json::Value const&, std::unordered_map<std::string, ResPtr<Resource>, std::hash<std::string>, std::equal_to<std::string>, std::allocator<std::pair<std::string const, ResPtr<Resource> > > > const&)
    ResourceManager::_load(std::string)
    ResourceManager::load(std::string)
    main
    __libc_start_main

/home/rugrats/Documents/github/WIP8/src/resourcemanager.cpp:470:Shader* ResourceManager::loadShader(const Json::Value&, const std::unordered_map<std::basic_string<char>, ResPtr<Resource> >&) Allocated a Shader (96 bytes) at 0x10fa8e0
    getBacktrace()
    __track_new(void*, char const*, unsigned long, char const*, unsigned int, char const*)
    ResourceManager::loadShader(Json::Value const&, std::unordered_map<std::string, ResPtr<Resource>, std::hash<std::string>, std::equal_to<std::string>, std::allocator<std::pair<std::string const, ResPtr<Resource> > > > const&)
    ResourceManager::_load(std::string)
    ResourceManager::load(std::string)
    main
    __libc_start_main

/home/rugrats/Documents/github/WIP8/src/resourcemanager.cpp:125:ResPtr<Material> ResourceManager::createMaterial(ResPtr<Shader>) Allocated a Material (160 bytes) at 0x110d720
    getBacktrace()
    __track_new(void*, char const*, unsigned long, char const*, unsigned int, char const*)
    ResourceManager::createMaterial(ResPtr<Shader>)
    main
    __libc_start_main

/home/rugrats/Documents/github/WIP8/src/resourcemanager.cpp:86:ResPtr<Model> ResourceManager::createModel() Allocated a Model (56 bytes) at 0xee3600
    getBacktrace()
    __track_new(void*, char const*, unsigned long, char const*, unsigned int, char const*)
    ResourceManager::createModel()
    main
    __libc_start_main

/home/rugrats/Documents/github/WIP8/src/scene.cpp:22:Entity* Scene::createEntity(ResPtr<Model>) Allocated a Entity (120 bytes) at 0x10f8de0
    getBacktrace()
    __track_new(void*, char const*, unsigned long, char const*, unsigned int, char const*)
    Scene::createEntity(ResPtr<Model>)
    main
    __libc_start_main

/home/rugrats/Documents/github/WIP8/src/scene.cpp:22:Entity* Scene::createEntity(ResPtr<Model>) Allocated a Entity (120 bytes) at 0x10f4540
    getBacktrace()
    __track_new(void*, char const*, unsigned long, char const*, unsigned int, char const*)
    Scene::createEntity(ResPtr<Model>)
    main
    __libc_start_main

/home/rugrats/Documents/github/WIP8/src/renderer.cpp:52:CompiledShader* Renderer::createShader(CompiledShader::Type, std::string, std::map<std::basic_string<char>, std::basic_string<char> >) Allocated 7 const char *(s) (8 bytes per object) at 0x14cfb80
    getBacktrace()
    __track_new_array(void*, char const*, unsigned long, unsigned int, char const*, unsigned int, char const*)
    Renderer::createShader(CompiledShader::Type, std::string, std::map<std::string, std::string, std::less<std::string>, std::allocator<std::pair<std::string const, std::string> > >)
    Shader::getShader(std::map<std::string, std::string, std::less<std::string>, std::allocator<std::pair<std::string const, std::string> > >)
    GLBackend::executeDrawCall(DrawCall const&)
    GLBackend::executeDrawCalls(RenderTarget*)
    Renderer::render(RenderTarget*, Scene*)
    main
    __libc_start_main

/home/rugrats/Documents/github/WIP8/src/renderer.cpp:85:CompiledShader* Renderer::createShader(CompiledShader::Type, std::string, std::map<std::basic_string<char>, std::basic_string<char> >) Allocated 26 bytes at 0x10f6770
    getBacktrace()
    __track_allocate(void*, unsigned long, char const*, unsigned int, char const*)
    Renderer::createShader(CompiledShader::Type, std::string, std::map<std::string, std::string, std::less<std::string>, std::allocator<std::pair<std::string const, std::string> > >)
    Shader::getShader(std::map<std::string, std::string, std::less<std::string>, std::allocator<std::pair<std::string const, std::string> > >)
    GLBackend::executeDrawCall(DrawCall const&)
    GLBackend::executeDrawCalls(RenderTarget*)
    Renderer::render(RenderTarget*, Scene*)
    main
    __libc_start_main

/home/rugrats/Documents/github/WIP8/src/renderer.cpp:85:CompiledShader* Renderer::createShader(CompiledShader::Type, std::string, std::map<std::basic_string<char>, std::basic_string<char> >) Allocated 30 bytes at 0x10f8890
    getBacktrace()
    __track_allocate(void*, unsigned long, char const*, unsigned int, char const*)
    Renderer::createShader(CompiledShader::Type, std::string, std::map<std::string, std::string, std::less<std::string>, std::allocator<std::pair<std::string const, std::string> > >)
    Shader::getShader(std::map<std::string, std::string, std::less<std::string>, std::allocator<std::pair<std::string const, std::string> > >)
    GLBackend::executeDrawCall(DrawCall const&)
    GLBackend::executeDrawCalls(RenderTarget*)
    Renderer::render(RenderTarget*, Scene*)
    main
    __libc_start_main

/home/rugrats/Documents/github/WIP8/src/renderer.cpp:85:CompiledShader* Renderer::createShader(CompiledShader::Type, std::string, std::map<std::basic_string<char>, std::basic_string<char> >) Allocated 26 bytes at 0x14858b0
    getBacktrace()
    __track_allocate(void*, unsigned long, char const*, unsigned int, char const*)
    Renderer::createShader(CompiledShader::Type, std::string, std::map<std::string, std::string, std::less<std::string>, std::allocator<std::pair<std::string const, std::string> > >)
    Shader::getShader(std::map<std::string, std::string, std::less<std::string>, std::allocator<std::pair<std::string const, std::string> > >)
    GLBackend::executeDrawCall(DrawCall const&)
    GLBackend::executeDrawCalls(RenderTarget*)
    Renderer::render(RenderTarget*, Scene*)
    main
    __libc_start_main

/home/rugrats/Documents/github/WIP8/src/renderer.cpp:85:CompiledShader* Renderer::createShader(CompiledShader::Type, std::string, std::map<std::basic_string<char>, std::basic_string<char> >) Allocated 28 bytes at 0x14d8710
    getBacktrace()
    __track_allocate(void*, unsigned long, char const*, unsigned int, char const*)
    Renderer::createShader(CompiledShader::Type, std::string, std::map<std::string, std::string, std::less<std::string>, std::allocator<std::pair<std::string const, std::string> > >)
    Shader::getShader(std::map<std::string, std::string, std::less<std::string>, std::allocator<std::pair<std::string const, std::string> > >)
    GLBackend::executeDrawCall(DrawCall const&)
    GLBackend::executeDrawCalls(RenderTarget*)
    Renderer::render(RenderTarget*, Scene*)
    main
    __libc_start_main

/home/rugrats/Documents/github/WIP8/src/renderer.cpp:85:CompiledShader* Renderer::createShader(CompiledShader::Type, std::string, std::map<std::basic_string<char>, std::basic_string<char> >) Allocated 26 bytes at 0x10fc180
    getBacktrace()
    __track_allocate(void*, unsigned long, char const*, unsigned int, char const*)
    Renderer::createShader(CompiledShader::Type, std::string, std::map<std::string, std::string, std::less<std::string>, std::allocator<std::pair<std::string const, std::string> > >)
    Shader::getShader(std::map<std::string, std::string, std::less<std::string>, std::allocator<std::pair<std::string const, std::string> > >)
    GLBackend::executeDrawCall(DrawCall const&)
    GLBackend::executeDrawCalls(RenderTarget*)
    Renderer::render(RenderTarget*, Scene*)
    main
    __libc_start_main

/home/rugrats/Documents/github/WIP8/src/GL/glbackend.cpp:119:virtual CompiledShader* GLBackend::createShader(CompiledShader::Type, unsigned int, const char**) Allocated a GLCompiledShader (16 bytes) at 0x1292cd0
    getBacktrace()
    __track_new(void*, char const*, unsigned long, char const*, unsigned int, char const*)
    GLBackend::createShader(CompiledShader::Type, unsigned int, char const**)
    Renderer::createShader(CompiledShader::Type, unsigned int, char const**)
    Renderer::createShader(CompiledShader::Type, std::string, std::map<std::string, std::string, std::less<std::string>, std::allocator<std::pair<std::string const, std::string> > >)
    Shader::getShader(std::map<std::string, std::string, std::less<std::string>, std::allocator<std::pair<std::string const, std::string> > >)
    GLBackend::executeDrawCall(DrawCall const&)
    GLBackend::executeDrawCalls(RenderTarget*)
    Renderer::render(RenderTarget*, Scene*)
    main
    __libc_start_main

/home/rugrats/Documents/github/WIP8/src/renderer.cpp:101:CompiledShader* Renderer::createShader(CompiledShader::Type, std::string, std::map<std::basic_string<char>, std::basic_string<char> >) Deallocated 0x10f6770
    getBacktrace()
    __track_deallocate(void*, char const*, unsigned int, char const*)
    Renderer::createShader(CompiledShader::Type, std::string, std::map<std::string, std::string, std::less<std::string>, std::allocator<std::pair<std::string const, std::string> > >)
    Shader::getShader(std::map<std::string, std::string, std::less<std::string>, std::allocator<std::pair<std::string const, std::string> > >)
    GLBackend::executeDrawCall(DrawCall const&)
    GLBackend::executeDrawCalls(RenderTarget*)
    Renderer::render(RenderTarget*, Scene*)
    main
    __libc_start_main

/home/rugrats/Documents/github/WIP8/src/renderer.cpp:101:CompiledShader* Renderer::createShader(CompiledShader::Type, std::string, std::map<std::basic_string<char>, std::basic_string<char> >) Deallocated 0x10f8890
    getBacktrace()
    __track_deallocate(void*, char const*, unsigned int, char const*)
    Renderer::createShader(CompiledShader::Type, std::string, std::map<std::string, std::string, std::less<std::string>, std::allocator<std::pair<std::string const, std::string> > >)
    Shader::getShader(std::map<std::string, std::string, std::less<std::string>, std::allocator<std::pair<std::string const, std::string> > >)
    GLBackend::executeDrawCall(DrawCall const&)
    GLBackend::executeDrawCalls(RenderTarget*)
    Renderer::render(RenderTarget*, Scene*)
    main
    __libc_start_main

/home/rugrats/Documents/github/WIP8/src/renderer.cpp:101:CompiledShader* Renderer::createShader(CompiledShader::Type, std::string, std::map<std::basic_string<char>, std::basic_string<char> >) Deallocated 0x14858b0
    getBacktrace()
    __track_deallocate(void*, char const*, unsigned int, char const*)
    Renderer::createShader(CompiledShader::Type, std::string, std::map<std::string, std::string, std::less<std::string>, std::allocator<std::pair<std::string const, std::string> > >)
    Shader::getShader(std::map<std::string, std::string, std::less<std::string>, std::allocator<std::pair<std::string const, std::string> > >)
    GLBackend::executeDrawCall(DrawCall const&)
    GLBackend::executeDrawCalls(RenderTarget*)
    Renderer::render(RenderTarget*, Scene*)
    main
    __libc_start_main

/home/rugrats/Documents/github/WIP8/src/renderer.cpp:101:CompiledShader* Renderer::createShader(CompiledShader::Type, std::string, std::map<std::basic_string<char>, std::basic_string<char> >) Deallocated 0x14d8710
    getBacktrace()
    __track_deallocate(void*, char const*, unsigned int, char const*)
    Renderer::createShader(CompiledShader::Type, std::string, std::map<std::string, std::string, std::less<std::string>, std::allocator<std::pair<std::string const, std::string> > >)
    Shader::getShader(std::map<std::string, std::string, std::less<std::string>, std::allocator<std::pair<std::string const, std::string> > >)
    GLBackend::executeDrawCall(DrawCall const&)
    GLBackend::executeDrawCalls(RenderTarget*)
    Renderer::render(RenderTarget*, Scene*)
    main
    __libc_start_main

/home/rugrats/Documents/github/WIP8/src/renderer.cpp:101:CompiledShader* Renderer::createShader(CompiledShader::Type, std::string, std::map<std::basic_string<char>, std::basic_string<char> >) Deallocated 0x10fc180
    getBacktrace()
    __track_deallocate(void*, char const*, unsigned int, char const*)
    Renderer::createShader(CompiledShader::Type, std::string, std::map<std::string, std::string, std::less<std::string>, std::allocator<std::pair<std::string const, std::string> > >)
    Shader::getShader(std::map<std::string, std::string, std::less<std::string>, std::allocator<std::pair<std::string const, std::string> > >)
    GLBackend::executeDrawCall(DrawCall const&)
    GLBackend::executeDrawCalls(RenderTarget*)
    Renderer::render(RenderTarget*, Scene*)
    main
    __libc_start_main

/home/rugrats/Documents/github/WIP8/src/renderer.cpp:104:CompiledShader* Renderer::createShader(CompiledShader::Type, std::string, std::map<std::basic_string<char>, std::basic_string<char> >) Deallocated an array of const char *(s) (8 bytes per object) at 0x14cfb80
    getBacktrace()
    __track_delete_array(void*, char const*, unsigned long, char const*, unsigned int, char const*)
    Renderer::createShader(CompiledShader::Type, std::string, std::map<std::string, std::string, std::less<std::string>, std::allocator<std::pair<std::string const, std::string> > >)
    Shader::getShader(std::map<std::string, std::string, std::less<std::string>, std::allocator<std::pair<std::string const, std::string> > >)
    GLBackend::executeDrawCall(DrawCall const&)
    GLBackend::executeDrawCalls(RenderTarget*)
    Renderer::render(RenderTarget*, Scene*)
    main
    __libc_start_main

/home/rugrats/Documents/github/WIP8/src/renderer.cpp:52:CompiledShader* Renderer::createShader(CompiledShader::Type, std::string, std::map<std::basic_string<char>, std::basic_string<char> >) Allocated 2 const char *(s) (8 bytes per object) at 0x12abe40
    getBacktrace()
    __track_new_array(void*, char const*, unsigned long, unsigned int, char const*, unsigned int, char const*)
    Renderer::createShader(CompiledShader::Type, std::string, std::map<std::string, std::string, std::less<std::string>, std::allocator<std::pair<std::string const, std::string> > >)
    Shader::getShader(std::map<std::string, std::string, std::less<std::string>, std::allocator<std::pair<std::string const, std::string> > >)
    GLBackend::executeDrawCall(DrawCall const&)
    GLBackend::executeDrawCalls(RenderTarget*)
    Renderer::render(RenderTarget*, Scene*)
    main
    __libc_start_main

/home/rugrats/Documents/github/WIP8/src/GL/glbackend.cpp:119:virtual CompiledShader* GLBackend::createShader(CompiledShader::Type, unsigned int, const char**) Allocated a GLCompiledShader (16 bytes) at 0x14d7b20
    getBacktrace()
    __track_new(void*, char const*, unsigned long, char const*, unsigned int, char const*)
    GLBackend::createShader(CompiledShader::Type, unsigned int, char const**)
    Renderer::createShader(CompiledShader::Type, unsigned int, char const**)
    Renderer::createShader(CompiledShader::Type, std::string, std::map<std::string, std::string, std::less<std::string>, std::allocator<std::pair<std::string const, std::string> > >)
    Shader::getShader(std::map<std::string, std::string, std::less<std::string>, std::allocator<std::pair<std::string const, std::string> > >)
    GLBackend::executeDrawCall(DrawCall const&)
    GLBackend::executeDrawCalls(RenderTarget*)
    Renderer::render(RenderTarget*, Scene*)
    main
    __libc_start_main

/home/rugrats/Documents/github/WIP8/src/renderer.cpp:104:CompiledShader* Renderer::createShader(CompiledShader::Type, std::string, std::map<std::basic_string<char>, std::basic_string<char> >) Deallocated an array of const char *(s) (8 bytes per object) at 0x12abe40
    getBacktrace()
    __track_delete_array(void*, char const*, unsigned long, char const*, unsigned int, char const*)
    Renderer::createShader(CompiledShader::Type, std::string, std::map<std::string, std::string, std::less<std::string>, std::allocator<std::pair<std::string const, std::string> > >)
    Shader::getShader(std::map<std::string, std::string, std::less<std::string>, std::allocator<std::pair<std::string const, std::string> > >)
    GLBackend::executeDrawCall(DrawCall const&)
    GLBackend::executeDrawCalls(RenderTarget*)
    Renderer::render(RenderTarget*, Scene*)
    main
    __libc_start_main

/home/rugrats/Documents/github/WIP8/src/renderer.cpp:52:CompiledShader* Renderer::createShader(CompiledShader::Type, std::string, std::map<std::basic_string<char>, std::basic_string<char> >) Allocated 2 const char *(s) (8 bytes per object) at 0x14ea150
    getBacktrace()
    __track_new_array(void*, char const*, unsigned long, unsigned int, char const*, unsigned int, char const*)
    Renderer::createShader(CompiledShader::Type, std::string, std::map<std::string, std::string, std::less<std::string>, std::allocator<std::pair<std::string const, std::string> > >)
    Shader::getShader(std::map<std::string, std::string, std::less<std::string>, std::allocator<std::pair<std::string const, std::string> > >)
    GLBackend::executeDrawCall(DrawCall const&)
    GLBackend::executeDrawCalls(RenderTarget*)
    Renderer::render(RenderTarget*, Scene*)
    main
    __libc_start_main

/home/rugrats/Documents/github/WIP8/src/GL/glbackend.cpp:119:virtual CompiledShader* GLBackend::createShader(CompiledShader::Type, unsigned int, const char**) Allocated a GLCompiledShader (16 bytes) at 0x14dc9d0
    getBacktrace()
    __track_new(void*, char const*, unsigned long, char const*, unsigned int, char const*)
    GLBackend::createShader(CompiledShader::Type, unsigned int, char const**)
    Renderer::createShader(CompiledShader::Type, unsigned int, char const**)
    Renderer::createShader(CompiledShader::Type, std::string, std::map<std::string, std::string, std::less<std::string>, std::allocator<std::pair<std::string const, std::string> > >)
    Shader::getShader(std::map<std::string, std::string, std::less<std::string>, std::allocator<std::pair<std::string const, std::string> > >)
    GLBackend::executeDrawCall(DrawCall const&)
    GLBackend::executeDrawCalls(RenderTarget*)
    Renderer::render(RenderTarget*, Scene*)
    main
    __libc_start_main

/home/rugrats/Documents/github/WIP8/src/renderer.cpp:104:CompiledShader* Renderer::createShader(CompiledShader::Type, std::string, std::map<std::basic_string<char>, std::basic_string<char> >) Deallocated an array of const char *(s) (8 bytes per object) at 0x14ea150
    getBacktrace()
    __track_delete_array(void*, char const*, unsigned long, char const*, unsigned int, char const*)
    Renderer::createShader(CompiledShader::Type, std::string, std::map<std::string, std::string, std::less<std::string>, std::allocator<std::pair<std::string const, std::string> > >)
    Shader::getShader(std::map<std::string, std::string, std::less<std::string>, std::allocator<std::pair<std::string const, std::string> > >)
    GLBackend::executeDrawCall(DrawCall const&)
    GLBackend::executeDrawCalls(RenderTarget*)
    Renderer::render(RenderTarget*, Scene*)
    main
    __libc_start_main

/home/rugrats/Documents/github/WIP8/src/renderer.cpp:52:CompiledShader* Renderer::createShader(CompiledShader::Type, std::string, std::map<std::basic_string<char>, std::basic_string<char> >) Allocated 2 const char *(s) (8 bytes per object) at 0x14ea150
    getBacktrace()
    __track_new_array(void*, char const*, unsigned long, unsigned int, char const*, unsigned int, char const*)
    Renderer::createShader(CompiledShader::Type, std::string, std::map<std::string, std::string, std::less<std::string>, std::allocator<std::pair<std::string const, std::string> > >)
    Shader::getShader(std::map<std::string, std::string, std::less<std::string>, std::allocator<std::pair<std::string const, std::string> > >)
    GLBackend::executeDrawCall(DrawCall const&)
    GLBackend::executeDrawCalls(RenderTarget*)
    Renderer::render(RenderTarget*, Scene*)
    main
    __libc_start_main

/home/rugrats/Documents/github/WIP8/src/GL/glbackend.cpp:119:virtual CompiledShader* GLBackend::createShader(CompiledShader::Type, unsigned int, const char**) Allocated a GLCompiledShader (16 bytes) at 0x1503360
    getBacktrace()
    __track_new(void*, char const*, unsigned long, char const*, unsigned int, char const*)
    GLBackend::createShader(CompiledShader::Type, unsigned int, char const**)
    Renderer::createShader(CompiledShader::Type, unsigned int, char const**)
    Renderer::createShader(CompiledShader::Type, std::string, std::map<std::string, std::string, std::less<std::string>, std::allocator<std::pair<std::string const, std::string> > >)
    Shader::getShader(std::map<std::string, std::string, std::less<std::string>, std::allocator<std::pair<std::string const, std::string> > >)
    GLBackend::executeDrawCall(DrawCall const&)
    GLBackend::executeDrawCalls(RenderTarget*)
    Renderer::render(RenderTarget*, Scene*)
    main
    __libc_start_main

/home/rugrats/Documents/github/WIP8/src/renderer.cpp:104:CompiledShader* Renderer::createShader(CompiledShader::Type, std::string, std::map<std::basic_string<char>, std::basic_string<char> >) Deallocated an array of const char *(s) (8 bytes per object) at 0x14ea150
    getBacktrace()
    __track_delete_array(void*, char const*, unsigned long, char const*, unsigned int, char const*)
    Renderer::createShader(CompiledShader::Type, std::string, std::map<std::string, std::string, std::less<std::string>, std::allocator<std::pair<std::string const, std::string> > >)
    Shader::getShader(std::map<std::string, std::string, std::less<std::string>, std::allocator<std::pair<std::string const, std::string> > >)
    GLBackend::executeDrawCall(DrawCall const&)
    GLBackend::executeDrawCalls(RenderTarget*)
    Renderer::render(RenderTarget*, Scene*)
    main
    __libc_start_main

/home/rugrats/Documents/github/WIP8/src/renderer.cpp:52:CompiledShader* Renderer::createShader(CompiledShader::Type, std::string, std::map<std::basic_string<char>, std::basic_string<char> >) Allocated 2 const char *(s) (8 bytes per object) at 0x1583820
    getBacktrace()
    __track_new_array(void*, char const*, unsigned long, unsigned int, char const*, unsigned int, char const*)
    Renderer::createShader(CompiledShader::Type, std::string, std::map<std::string, std::string, std::less<std::string>, std::allocator<std::pair<std::string const, std::string> > >)
    Shader::getShader(std::map<std::string, std::string, std::less<std::string>, std::allocator<std::pair<std::string const, std::string> > >)
    GLBackend::executeDrawCall(DrawCall const&)
    GLBackend::executeDrawCalls(RenderTarget*)
    Renderer::render(RenderTarget*, Scene*)
    main
    __libc_start_main

/home/rugrats/Documents/github/WIP8/src/GL/glbackend.cpp:119:virtual CompiledShader* GLBackend::createShader(CompiledShader::Type, unsigned int, const char**) Allocated a GLCompiledShader (16 bytes) at 0x15253f0
    getBacktrace()
    __track_new(void*, char const*, unsigned long, char const*, unsigned int, char const*)
    GLBackend::createShader(CompiledShader::Type, unsigned int, char const**)
    Renderer::createShader(CompiledShader::Type, unsigned int, char const**)
    Renderer::createShader(CompiledShader::Type, std::string, std::map<std::string, std::string, std::less<std::string>, std::allocator<std::pair<std::string const, std::string> > >)
    Shader::getShader(std::map<std::string, std::string, std::less<std::string>, std::allocator<std::pair<std::string const, std::string> > >)
    GLBackend::executeDrawCall(DrawCall const&)
    GLBackend::executeDrawCalls(RenderTarget*)
    Renderer::render(RenderTarget*, Scene*)
    main
    __libc_start_main

/home/rugrats/Documents/github/WIP8/src/renderer.cpp:104:CompiledShader* Renderer::createShader(CompiledShader::Type, std::string, std::map<std::basic_string<char>, std::basic_string<char> >) Deallocated an array of const char *(s) (8 bytes per object) at 0x1583820
    getBacktrace()
    __track_delete_array(void*, char const*, unsigned long, char const*, unsigned int, char const*)
    Renderer::createShader(CompiledShader::Type, std::string, std::map<std::string, std::string, std::less<std::string>, std::allocator<std::pair<std::string const, std::string> > >)
    Shader::getShader(std::map<std::string, std::string, std::less<std::string>, std::allocator<std::pair<std::string const, std::string> > >)
    GLBackend::executeDrawCall(DrawCall const&)
    GLBac